  Camera.cpp
  ElementBuffer.cpp
  Mesh.cpp
D:\Michael\Other Stuff\C++\MDSOpenGL - Copy\MDSOpenGL\Classes\Mesh.cpp(43,69): warning C4267: 'argument': conversion from 'size_t' to 'GLsizei', possible loss of data
  Model.cpp
  Shader.cpp
  Texture.cpp
  VertexArray.cpp
D:\Michael\Other Stuff\C++\MDSOpenGL - Copy\MDSOpenGL\Classes\VertexArray.cpp(20,77): warning C4244: 'argument': conversion from 'GLsizeiptr' to 'GLsizei', possible loss of data
  VertexBuffer.cpp
  Main.cpp
  stb.cpp
  Generating Code...
Camera.obj : error LNK2019: unresolved external symbol glfwSetInputMode referenced in function "public: void __cdecl CCamera::Inputs(struct GLFWwindow *)" (?Inputs@CCamera@@QEAAXPEAUGLFWwindow@@@Z)
Camera.obj : error LNK2019: unresolved external symbol glfwGetKey referenced in function "public: void __cdecl CCamera::Inputs(struct GLFWwindow *)" (?Inputs@CCamera@@QEAAXPEAUGLFWwindow@@@Z)
Main.obj : error LNK2001: unresolved external symbol glfwGetKey
Camera.obj : error LNK2019: unresolved external symbol glfwGetMouseButton referenced in function "public: void __cdecl CCamera::Inputs(struct GLFWwindow *)" (?Inputs@CCamera@@QEAAXPEAUGLFWwindow@@@Z)
Camera.obj : error LNK2019: unresolved external symbol glfwGetCursorPos referenced in function "public: void __cdecl CCamera::Inputs(struct GLFWwindow *)" (?Inputs@CCamera@@QEAAXPEAUGLFWwindow@@@Z)
Camera.obj : error LNK2019: unresolved external symbol glfwSetCursorPos referenced in function "public: void __cdecl CCamera::Inputs(struct GLFWwindow *)" (?Inputs@CCamera@@QEAAXPEAUGLFWwindow@@@Z)
ElementBuffer.obj : error LNK2019: unresolved external symbol __imp___glewBindBuffer referenced in function "public: __cdecl CElementBuffer::CElementBuffer(class std::vector<unsigned int,class std::allocator<unsigned int> > &)" (??0CElementBuffer@@QEAA@AEAV?$vector@IV?$allocator@I@std@@@std@@@Z)
VertexBuffer.obj : error LNK2001: unresolved external symbol __imp___glewBindBuffer
ElementBuffer.obj : error LNK2019: unresolved external symbol __imp___glewBufferData referenced in function "public: __cdecl CElementBuffer::CElementBuffer(class std::vector<unsigned int,class std::allocator<unsigned int> > &)" (??0CElementBuffer@@QEAA@AEAV?$vector@IV?$allocator@I@std@@@std@@@Z)
VertexBuffer.obj : error LNK2001: unresolved external symbol __imp___glewBufferData
ElementBuffer.obj : error LNK2019: unresolved external symbol __imp___glewDeleteBuffers referenced in function "public: void __cdecl CElementBuffer::Delete(void)" (?Delete@CElementBuffer@@QEAAXXZ)
VertexBuffer.obj : error LNK2001: unresolved external symbol __imp___glewDeleteBuffers
ElementBuffer.obj : error LNK2019: unresolved external symbol __imp___glewGenBuffers referenced in function "public: __cdecl CElementBuffer::CElementBuffer(class std::vector<unsigned int,class std::allocator<unsigned int> > &)" (??0CElementBuffer@@QEAA@AEAV?$vector@IV?$allocator@I@std@@@std@@@Z)
VertexBuffer.obj : error LNK2001: unresolved external symbol __imp___glewGenBuffers
Mesh.obj : error LNK2019: unresolved external symbol __imp___glewGetUniformLocation referenced in function "public: void __cdecl CMesh::Draw(class CShader &,class CCamera &)" (?Draw@CMesh@@QEAAXAEAVCShader@@AEAVCCamera@@@Z)
Texture.obj : error LNK2001: unresolved external symbol __imp___glewGetUniformLocation
Main.obj : error LNK2001: unresolved external symbol __imp___glewGetUniformLocation
Mesh.obj : error LNK2019: unresolved external symbol __imp___glewUniform3f referenced in function "public: void __cdecl CMesh::Draw(class CShader &,class CCamera &)" (?Draw@CMesh@@QEAAXAEAVCShader@@AEAVCCamera@@@Z)
Main.obj : error LNK2001: unresolved external symbol __imp___glewUniform3f
Mesh.obj : error LNK2019: unresolved external symbol __imp___glewUniformMatrix4fv referenced in function "public: void __cdecl CMesh::Draw(class CShader &,class CCamera &)" (?Draw@CMesh@@QEAAXAEAVCShader@@AEAVCCamera@@@Z)
Main.obj : error LNK2001: unresolved external symbol __imp___glewUniformMatrix4fv
Shader.obj : error LNK2019: unresolved external symbol __imp___glewAttachShader referenced in function "public: __cdecl CShader::CShader(char const *,char const *)" (??0CShader@@QEAA@PEBD0@Z)
Shader.obj : error LNK2019: unresolved external symbol __imp___glewCompileShader referenced in function "public: __cdecl CShader::CShader(char const *,char const *)" (??0CShader@@QEAA@PEBD0@Z)
Shader.obj : error LNK2019: unresolved external symbol __imp___glewCreateProgram referenced in function "public: __cdecl CShader::CShader(char const *,char const *)" (??0CShader@@QEAA@PEBD0@Z)
Shader.obj : error LNK2019: unresolved external symbol __imp___glewCreateShader referenced in function "public: __cdecl CShader::CShader(char const *,char const *)" (??0CShader@@QEAA@PEBD0@Z)
Shader.obj : error LNK2019: unresolved external symbol __imp___glewDeleteProgram referenced in function "public: void __cdecl CShader::Delete(void)" (?Delete@CShader@@QEAAXXZ)
Shader.obj : error LNK2019: unresolved external symbol __imp___glewDeleteShader referenced in function "public: __cdecl CShader::CShader(char const *,char const *)" (??0CShader@@QEAA@PEBD0@Z)
Shader.obj : error LNK2019: unresolved external symbol __imp___glewGetProgramInfoLog referenced in function "private: void __cdecl CShader::CompileErrors(unsigned int,char const *)" (?CompileErrors@CShader@@AEAAXIPEBD@Z)
Shader.obj : error LNK2019: unresolved external symbol __imp___glewGetProgramiv referenced in function "private: void __cdecl CShader::CompileErrors(unsigned int,char const *)" (?CompileErrors@CShader@@AEAAXIPEBD@Z)
Shader.obj : error LNK2019: unresolved external symbol __imp___glewGetShaderInfoLog referenced in function "private: void __cdecl CShader::CompileErrors(unsigned int,char const *)" (?CompileErrors@CShader@@AEAAXIPEBD@Z)
Shader.obj : error LNK2019: unresolved external symbol __imp___glewGetShaderiv referenced in function "private: void __cdecl CShader::CompileErrors(unsigned int,char const *)" (?CompileErrors@CShader@@AEAAXIPEBD@Z)
Shader.obj : error LNK2019: unresolved external symbol __imp___glewLinkProgram referenced in function "public: __cdecl CShader::CShader(char const *,char const *)" (??0CShader@@QEAA@PEBD0@Z)
Shader.obj : error LNK2019: unresolved external symbol __imp___glewShaderSource referenced in function "public: __cdecl CShader::CShader(char const *,char const *)" (??0CShader@@QEAA@PEBD0@Z)
Shader.obj : error LNK2019: unresolved external symbol __imp___glewUseProgram referenced in function "public: void __cdecl CShader::Activate(void)" (?Activate@CShader@@QEAAXXZ)
Texture.obj : error LNK2019: unresolved external symbol __imp___glewActiveTexture referenced in function "public: __cdecl CTexture::CTexture(char const *,char const *,unsigned int,unsigned int,unsigned int)" (??0CTexture@@QEAA@PEBD0III@Z)
Texture.obj : error LNK2019: unresolved external symbol __imp___glewUniform1i referenced in function "public: void __cdecl CTexture::TextureUnit(class CShader &,char const *,unsigned int)" (?TextureUnit@CTexture@@QEAAXAEAVCShader@@PEBDI@Z)
Texture.obj : error LNK2019: unresolved external symbol __imp___glewGenerateMipmap referenced in function "public: __cdecl CTexture::CTexture(char const *,char const *,unsigned int,unsigned int,unsigned int)" (??0CTexture@@QEAA@PEBD0III@Z)
VertexArray.obj : error LNK2019: unresolved external symbol __imp___glewEnableVertexAttribArray referenced in function "public: void __cdecl CVertexArray::LinkAttribute(class CVertexBuffer &,unsigned int,unsigned int,unsigned int,__int64,void *)" (?LinkAttribute@CVertexArray@@QEAAXAEAVCVertexBuffer@@III_JPEAX@Z)
VertexArray.obj : error LNK2019: unresolved external symbol __imp___glewVertexAttribPointer referenced in function "public: void __cdecl CVertexArray::LinkAttribute(class CVertexBuffer &,unsigned int,unsigned int,unsigned int,__int64,void *)" (?LinkAttribute@CVertexArray@@QEAAXAEAVCVertexBuffer@@III_JPEAX@Z)
VertexArray.obj : error LNK2019: unresolved external symbol __imp___glewBindVertexArray referenced in function "public: void __cdecl CVertexArray::Bind(void)" (?Bind@CVertexArray@@QEAAXXZ)
VertexArray.obj : error LNK2019: unresolved external symbol __imp___glewDeleteVertexArrays referenced in function "public: void __cdecl CVertexArray::Delete(void)" (?Delete@CVertexArray@@QEAAXXZ)
VertexArray.obj : error LNK2019: unresolved external symbol __imp___glewGenVertexArrays referenced in function "public: __cdecl CVertexArray::CVertexArray(void)" (??0CVertexArray@@QEAA@XZ)
Main.obj : error LNK2019: unresolved external symbol __imp_glewInit referenced in function main
Main.obj : error LNK2019: unresolved external symbol glfwInit referenced in function main
Main.obj : error LNK2019: unresolved external symbol glfwTerminate referenced in function main
Main.obj : error LNK2019: unresolved external symbol glfwWindowHint referenced in function main
Main.obj : error LNK2019: unresolved external symbol glfwCreateWindow referenced in function main
Main.obj : error LNK2019: unresolved external symbol glfwDestroyWindow referenced in function main
Main.obj : error LNK2019: unresolved external symbol glfwWindowShouldClose referenced in function main
Main.obj : error LNK2019: unresolved external symbol glfwSetWindowShouldClose referenced in function main
Main.obj : error LNK2019: unresolved external symbol glfwSetFramebufferSizeCallback referenced in function main
Main.obj : error LNK2019: unresolved external symbol glfwPollEvents referenced in function main
Main.obj : error LNK2019: unresolved external symbol glfwMakeContextCurrent referenced in function main
Main.obj : error LNK2019: unresolved external symbol glfwSwapBuffers referenced in function main
Main.obj : error LNK2019: unresolved external symbol __imp___glewUniform4f referenced in function main
D:\Michael\Other Stuff\C++\MDSOpenGL - Copy\MDSOpenGL\\Library\glfw3.lib : warning LNK4272: library machine type 'x86' conflicts with target machine type 'x64'
D:\Michael\Other Stuff\C++\MDSOpenGL - Copy\MDSOpenGL\\Library\glew32.lib : warning LNK4272: library machine type 'x86' conflicts with target machine type 'x64'
D:\Michael\Other Stuff\C++\MDSOpenGL - Copy\x64\Debug\MDSOpenGL.exe : fatal error LNK1120: 46 unresolved externals
